This file contains any messages produced by compilers while
running configure, to aid debugging if configure makes a mistake.

It was created by libstreamripper configure 1.64.7, which was
generated by GNU Autoconf 2.68.  Invocation command line was

  $ ./configure 

## --------- ##
## Platform. ##
## --------- ##

hostname = U500
uname -m = x86_64
uname -r = 3.16.0-30-generic
uname -s = Linux
uname -v = #40-Ubuntu SMP Mon Jan 12 22:06:37 UTC 2015

/usr/bin/uname -p = unknown
/bin/uname -X     = unknown

/bin/arch              = unknown
/usr/bin/arch -k       = unknown
/usr/convex/getsysinfo = unknown
/usr/bin/hostinfo      = unknown
/bin/machine           = unknown
/usr/bin/oslevel       = unknown
/bin/universe          = unknown

PATH: /usr/local/sbin
PATH: /usr/local/bin
PATH: /usr/sbin
PATH: /usr/bin
PATH: /sbin
PATH: /bin
PATH: /usr/games
PATH: /usr/local/games
PATH: /home/rborisov/raspberrypi/tools/arm-bcm2708/gcc-linaro-arm-linux-gnueabihf-raspbian/bin


## ----------- ##
## Core tests. ##
## ----------- ##

configure:2197: checking for a BSD-compatible install
configure:2265: result: /usr/bin/install -c
configure:2276: checking whether build environment is sane
configure:2326: result: yes
configure:2467: checking for a thread-safe mkdir -p
configure:2506: result: /bin/mkdir -p
configure:2519: checking for gawk
configure:2549: result: no
configure:2519: checking for mawk
configure:2535: found /usr/bin/mawk
configure:2546: result: mawk
configure:2557: checking whether make sets $(MAKE)
configure:2579: result: yes
configure:2671: checking whether make supports nested variables
configure:2688: result: yes
configure:2748: checking for gcc
configure:2764: found /usr/bin/gcc
configure:2775: result: gcc
configure:3004: checking for C compiler version
configure:3013: gcc --version >&5
gcc (Ubuntu 4.9.1-16ubuntu6) 4.9.1
Copyright (C) 2014 Free Software Foundation, Inc.
This is free software; see the source for copying conditions.  There is NO
warranty; not even for MERCHANTABILITY or FITNESS FOR A PARTICULAR PURPOSE.

configure:3024: $? = 0
configure:3013: gcc -v >&5
Using built-in specs.
COLLECT_GCC=gcc
COLLECT_LTO_WRAPPER=/usr/lib/gcc/x86_64-linux-gnu/4.9/lto-wrapper
Target: x86_64-linux-gnu
Configured with: ../src/configure -v --with-pkgversion='Ubuntu 4.9.1-16ubuntu6' --with-bugurl=file:///usr/share/doc/gcc-4.9/README.Bugs --enable-languages=c,c++,java,go,d,fortran,objc,obj-c++ --prefix=/usr --program-suffix=-4.9 --enable-shared --enable-linker-build-id --libexecdir=/usr/lib --without-included-gettext --enable-threads=posix --with-gxx-include-dir=/usr/include/c++/4.9 --libdir=/usr/lib --enable-nls --with-sysroot=/ --enable-clocale=gnu --enable-libstdcxx-debug --enable-libstdcxx-time=yes --enable-gnu-unique-object --disable-vtable-verify --enable-plugin --with-system-zlib --disable-browser-plugin --enable-java-awt=gtk --enable-gtk-cairo --with-java-home=/usr/lib/jvm/java-1.5.0-gcj-4.9-amd64/jre --enable-java-home --with-jvm-root-dir=/usr/lib/jvm/java-1.5.0-gcj-4.9-amd64 --with-jvm-jar-dir=/usr/lib/jvm-exports/java-1.5.0-gcj-4.9-amd64 --with-arch-directory=amd64 --with-ecj-jar=/usr/share/java/eclipse-ecj.jar --enable-objc-gc --enable-multiarch --disable-werror --with-arch-32=i686 --with-abi=m64 --with-multilib-list=m32,m64,mx32 --enable-multilib --with-tune=generic --enable-checking=release --build=x86_64-linux-gnu --host=x86_64-linux-gnu --target=x86_64-linux-gnu
Thread model: posix
gcc version 4.9.1 (Ubuntu 4.9.1-16ubuntu6) 
configure:3024: $? = 0
configure:3013: gcc -V >&5
gcc: error: unrecognized command line option '-V'
gcc: fatal error: no input files
compilation terminated.
configure:3024: $? = 4
configure:3013: gcc -qversion >&5
gcc: error: unrecognized command line option '-qversion'
gcc: fatal error: no input files
compilation terminated.
configure:3024: $? = 4
configure:3044: checking whether the C compiler works
configure:3066: gcc    conftest.c  >&5
configure:3070: $? = 0
configure:3118: result: yes
configure:3121: checking for C compiler default output file name
configure:3123: result: a.out
configure:3129: checking for suffix of executables
configure:3136: gcc -o conftest    conftest.c  >&5
configure:3140: $? = 0
configure:3162: result: 
configure:3184: checking whether we are cross compiling
configure:3192: gcc -o conftest    conftest.c  >&5
configure:3196: $? = 0
configure:3203: ./conftest
configure:3207: $? = 0
configure:3222: result: no
configure:3227: checking for suffix of object files
configure:3249: gcc -c   conftest.c >&5
configure:3253: $? = 0
configure:3274: result: o
configure:3278: checking whether we are using the GNU C compiler
configure:3297: gcc -c   conftest.c >&5
configure:3297: $? = 0
configure:3306: result: yes
configure:3315: checking whether gcc accepts -g
configure:3335: gcc -c -g  conftest.c >&5
configure:3335: $? = 0
configure:3376: result: yes
configure:3393: checking for gcc option to accept ISO C89
configure:3457: gcc  -c -g -O2  conftest.c >&5
configure:3457: $? = 0
configure:3470: result: none needed
configure:3501: checking for style of include used by make
configure:3529: result: GNU
configure:3555: checking dependency style of gcc
configure:3666: result: gcc3
configure:3715: checking build system type
configure:3729: result: x86_64-unknown-linux-gnu
configure:3749: checking host system type
configure:3762: result: x86_64-unknown-linux-gnu
configure:3803: checking how to print strings
configure:3830: result: printf
configure:3851: checking for a sed that does not truncate output
configure:3915: result: /bin/sed
configure:3933: checking for grep that handles long lines and -e
configure:3991: result: /bin/grep
configure:3996: checking for egrep
configure:4058: result: /bin/grep -E
configure:4063: checking for fgrep
configure:4125: result: /bin/grep -F
configure:4160: checking for ld used by gcc
configure:4227: result: /usr/bin/ld
configure:4234: checking if the linker (/usr/bin/ld) is GNU ld
configure:4249: result: yes
configure:4261: checking for BSD- or MS-compatible name lister (nm)
configure:4310: result: /usr/bin/nm -B
configure:4440: checking the name lister (/usr/bin/nm -B) interface
configure:4447: gcc -c -g -O2  conftest.c >&5
configure:4450: /usr/bin/nm -B "conftest.o"
configure:4453: output
0000000000000000 B some_variable
configure:4460: result: BSD nm
configure:4463: checking whether ln -s works
configure:4467: result: yes
configure:4475: checking the maximum length of command line arguments
configure:4605: result: 1572864
configure:4622: checking whether the shell understands some XSI constructs
configure:4632: result: yes
configure:4636: checking whether the shell understands "+="
configure:4642: result: yes
configure:4677: checking how to convert x86_64-unknown-linux-gnu file names to x86_64-unknown-linux-gnu format
configure:4717: result: func_convert_file_noop
configure:4724: checking how to convert x86_64-unknown-linux-gnu file names to toolchain format
configure:4744: result: func_convert_file_noop
configure:4751: checking for /usr/bin/ld option to reload object files
configure:4758: result: -r
configure:4832: checking for objdump
configure:4848: found /usr/bin/objdump
configure:4859: result: objdump
configure:4891: checking how to recognize dependent libraries
configure:5093: result: pass_all
configure:5178: checking for dlltool
configure:5208: result: no
configure:5238: checking how to associate runtime and link libraries
configure:5265: result: printf %s\n
configure:5326: checking for ar
configure:5342: found /usr/bin/ar
configure:5353: result: ar
configure:5390: checking for archiver @FILE support
configure:5407: gcc -c -g -O2  conftest.c >&5
configure:5407: $? = 0
configure:5410: ar cru libconftest.a @conftest.lst >&5
configure:5413: $? = 0
configure:5418: ar cru libconftest.a @conftest.lst >&5
ar: conftest.o: No such file or directory
configure:5421: $? = 1
configure:5433: result: @
configure:5491: checking for strip
configure:5507: found /usr/bin/strip
configure:5518: result: strip
configure:5590: checking for ranlib
configure:5606: found /usr/bin/ranlib
configure:5617: result: ranlib
configure:5719: checking command to parse /usr/bin/nm -B output from gcc object
configure:5839: gcc -c -g -O2  conftest.c >&5
configure:5842: $? = 0
configure:5846: /usr/bin/nm -B conftest.o \| sed -n -e 's/^.*[ ]\([ABCDGIRSTW][ABCDGIRSTW]*\)[ ][ ]*\([_A-Za-z][_A-Za-z0-9]*\)$/\1 \2 \2/p' | sed '/ __gnu_lto/d' \> conftest.nm
configure:5849: $? = 0
configure:5915: gcc -o conftest -g -O2   conftest.c conftstm.o >&5
configure:5918: $? = 0
configure:5956: result: ok
configure:5993: checking for sysroot
configure:6023: result: no
configure:6100: gcc -c -g -O2  conftest.c >&5
configure:6103: $? = 0
configure:6279: checking for mt
configure:6295: found /bin/mt
configure:6306: result: mt
configure:6329: checking if mt is a manifest tool
configure:6335: mt '-?'
configure:6343: result: no
configure:6985: checking how to run the C preprocessor
configure:7016: gcc -E  conftest.c
configure:7016: $? = 0
configure:7030: gcc -E  conftest.c
conftest.c:11:28: fatal error: ac_nonexistent.h: No such file or directory
 #include <ac_nonexistent.h>
                            ^
compilation terminated.
configure:7030: $? = 1
configure: failed program was:
| /* confdefs.h */
| #define PACKAGE_NAME "libstreamripper"
| #define PACKAGE_TARNAME "libstreamripper"
| #define PACKAGE_VERSION "1.64.7"
| #define PACKAGE_STRING "libstreamripper 1.64.7"
| #define PACKAGE_BUGREPORT ""
| #define PACKAGE_URL ""
| #define PACKAGE "libstreamripper"
| #define VERSION "1.64.7"
| /* end confdefs.h.  */
| #include <ac_nonexistent.h>
configure:7055: result: gcc -E
configure:7075: gcc -E  conftest.c
configure:7075: $? = 0
configure:7089: gcc -E  conftest.c
conftest.c:11:28: fatal error: ac_nonexistent.h: No such file or directory
 #include <ac_nonexistent.h>
                            ^
compilation terminated.
configure:7089: $? = 1
configure: failed program was:
| /* confdefs.h */
| #define PACKAGE_NAME "libstreamripper"
| #define PACKAGE_TARNAME "libstreamripper"
| #define PACKAGE_VERSION "1.64.7"
| #define PACKAGE_STRING "libstreamripper 1.64.7"
| #define PACKAGE_BUGREPORT ""
| #define PACKAGE_URL ""
| #define PACKAGE "libstreamripper"
| #define VERSION "1.64.7"
| /* end confdefs.h.  */
| #include <ac_nonexistent.h>
configure:7118: checking for ANSI C header files
configure:7138: gcc -c -g -O2  conftest.c >&5
configure:7138: $? = 0
configure:7211: gcc -o conftest -g -O2   conftest.c  >&5
configure:7211: $? = 0
configure:7211: ./conftest
configure:7211: $? = 0
configure:7222: result: yes
configure:7235: checking for sys/types.h
configure:7235: gcc -c -g -O2  conftest.c >&5
configure:7235: $? = 0
configure:7235: result: yes
configure:7235: checking for sys/stat.h
configure:7235: gcc -c -g -O2  conftest.c >&5
configure:7235: $? = 0
configure:7235: result: yes
configure:7235: checking for stdlib.h
configure:7235: gcc -c -g -O2  conftest.c >&5
configure:7235: $? = 0
configure:7235: result: yes
configure:7235: checking for string.h
configure:7235: gcc -c -g -O2  conftest.c >&5
configure:7235: $? = 0
configure:7235: result: yes
configure:7235: checking for memory.h
configure:7235: gcc -c -g -O2  conftest.c >&5
configure:7235: $? = 0
configure:7235: result: yes
configure:7235: checking for strings.h
configure:7235: gcc -c -g -O2  conftest.c >&5
configure:7235: $? = 0
configure:7235: result: yes
configure:7235: checking for inttypes.h
configure:7235: gcc -c -g -O2  conftest.c >&5
configure:7235: $? = 0
configure:7235: result: yes
configure:7235: checking for stdint.h
configure:7235: gcc -c -g -O2  conftest.c >&5
configure:7235: $? = 0
configure:7235: result: yes
configure:7235: checking for unistd.h
configure:7235: gcc -c -g -O2  conftest.c >&5
configure:7235: $? = 0
configure:7235: result: yes
configure:7249: checking for dlfcn.h
configure:7249: gcc -c -g -O2  conftest.c >&5
configure:7249: $? = 0
configure:7249: result: yes
configure:7455: checking for objdir
configure:7470: result: .libs
configure:7737: checking if gcc supports -fno-rtti -fno-exceptions
configure:7755: gcc -c -g -O2  -fno-rtti -fno-exceptions conftest.c >&5
cc1: warning: command line option '-fno-rtti' is valid for C++/ObjC++ but not for C
configure:7759: $? = 0
configure:7772: result: no
configure:8099: checking for gcc option to produce PIC
configure:8106: result: -fPIC -DPIC
configure:8114: checking if gcc PIC flag -fPIC -DPIC works
configure:8132: gcc -c -g -O2  -fPIC -DPIC -DPIC conftest.c >&5
configure:8136: $? = 0
configure:8149: result: yes
configure:8178: checking if gcc static flag -static works
configure:8206: result: yes
configure:8221: checking if gcc supports -c -o file.o
configure:8242: gcc -c -g -O2  -o out/conftest2.o conftest.c >&5
configure:8246: $? = 0
configure:8268: result: yes
configure:8276: checking if gcc supports -c -o file.o
configure:8323: result: yes
configure:8356: checking whether the gcc linker (/usr/bin/ld -m elf_x86_64) supports shared libraries
configure:9513: result: yes
configure:9550: checking whether -lc should be explicitly linked in
configure:9558: gcc -c -g -O2  conftest.c >&5
configure:9561: $? = 0
configure:9576: gcc -shared  -fPIC -DPIC conftest.o  -v -Wl,-soname -Wl,conftest -o conftest 2\>\&1 \| /bin/grep  -lc  \>/dev/null 2\>\&1
configure:9579: $? = 0
configure:9593: result: no
configure:9753: checking dynamic linker characteristics
configure:10264: gcc -o conftest -g -O2   -Wl,-rpath -Wl,/foo conftest.c  >&5
configure:10264: $? = 0
configure:10498: result: GNU/Linux ld.so
configure:10605: checking how to hardcode library paths into programs
configure:10630: result: immediate
configure:11170: checking whether stripping libraries is possible
configure:11175: result: yes
configure:11210: checking if libtool supports shared libraries
configure:11212: result: yes
configure:11215: checking whether to build shared libraries
configure:11236: result: yes
configure:11239: checking whether to build static libraries
configure:11243: result: yes
configure:11336: checking for pkg-config
configure:11354: found /usr/bin/pkg-config
configure:11366: result: /usr/bin/pkg-config
configure:11391: checking pkg-config is at least version 0.9.0
configure:11394: result: yes
configure:11404: checking for GLIB
configure:11411: $PKG_CONFIG --exists --print-errors "glib-2.0 >= 2.16.1"
configure:11414: $? = 0
configure:11428: $PKG_CONFIG --exists --print-errors "glib-2.0 >= 2.16.1"
configure:11431: $? = 0
configure:11489: result: yes
configure:11495: checking for MAD
configure:11502: $PKG_CONFIG --exists --print-errors "mad >= 0.15"
configure:11505: $? = 0
configure:11519: $PKG_CONFIG --exists --print-errors "mad >= 0.15"
configure:11522: $? = 0
configure:11580: result: yes
configure:11586: checking for ID3
configure:11593: $PKG_CONFIG --exists --print-errors "id3tag >= 0.15"
configure:11596: $? = 0
configure:11610: $PKG_CONFIG --exists --print-errors "id3tag >= 0.15"
configure:11613: $? = 0
configure:11671: result: yes
configure:11737: checking for Ogg
configure:11772: gcc -o conftest -g -O2    conftest.c   -logg >&5
conftest.c: In function 'main':
conftest.c:31:3: warning: ignoring return value of 'system', declared with attribute warn_unused_result [-Wunused-result]
   system("touch conf.oggtest");
   ^
configure:11772: $? = 0
configure:11772: ./conftest
configure:11772: $? = 0
configure:11793: result: yes
configure:11855: checking for Vorbis
configure:11902: gcc -o conftest -g -O2     conftest.c   -lvorbis -lm -lvorbisenc  -logg >&5
conftest.c: In function 'main':
conftest.c:43:5: warning: ignoring return value of 'system', declared with attribute warn_unused_result [-Wunused-result]
     system("touch conf.vorbistest");
     ^
configure:11902: $? = 0
configure:11902: ./conftest
configure:11902: $? = 0
configure:11922: result: yes
configure:12184: creating ./config.status

## ---------------------- ##
## Running config.status. ##
## ---------------------- ##

This file was extended by libstreamripper config.status 1.64.7, which was
generated by GNU Autoconf 2.68.  Invocation command line was

  CONFIG_FILES    = 
  CONFIG_HEADERS  = 
  CONFIG_LINKS    = 
  CONFIG_COMMANDS = 
  $ ./config.status 

on U500

config.status:1110: creating Makefile
config.status:1110: creating src/libstreamripper.pc
config.status:1110: creating src/Makefile
config.status:1110: creating config.h
config.status:1291: config.h is unchanged
config.status:1339: executing depfiles commands
config.status:1339: executing libtool commands

## ---------------- ##
## Cache variables. ##
## ---------------- ##

ac_cv_build=x86_64-unknown-linux-gnu
ac_cv_c_compiler_gnu=yes
ac_cv_env_CC_set=
ac_cv_env_CC_value=
ac_cv_env_CFLAGS_set=
ac_cv_env_CFLAGS_value=
ac_cv_env_CPPFLAGS_set=
ac_cv_env_CPPFLAGS_value=
ac_cv_env_CPP_set=
ac_cv_env_CPP_value=
ac_cv_env_GLIB_CFLAGS_set=
ac_cv_env_GLIB_CFLAGS_value=
ac_cv_env_GLIB_LIBS_set=
ac_cv_env_GLIB_LIBS_value=
ac_cv_env_ID3_CFLAGS_set=
ac_cv_env_ID3_CFLAGS_value=
ac_cv_env_ID3_LIBS_set=
ac_cv_env_ID3_LIBS_value=
ac_cv_env_LDFLAGS_set=
ac_cv_env_LDFLAGS_value=
ac_cv_env_LIBS_set=
ac_cv_env_LIBS_value=
ac_cv_env_MAD_CFLAGS_set=
ac_cv_env_MAD_CFLAGS_value=
ac_cv_env_MAD_LIBS_set=
ac_cv_env_MAD_LIBS_value=
ac_cv_env_PKG_CONFIG_LIBDIR_set=
ac_cv_env_PKG_CONFIG_LIBDIR_value=
ac_cv_env_PKG_CONFIG_PATH_set=
ac_cv_env_PKG_CONFIG_PATH_value=
ac_cv_env_PKG_CONFIG_set=
ac_cv_env_PKG_CONFIG_value=
ac_cv_env_build_alias_set=
ac_cv_env_build_alias_value=
ac_cv_env_host_alias_set=
ac_cv_env_host_alias_value=
ac_cv_env_target_alias_set=
ac_cv_env_target_alias_value=
ac_cv_header_dlfcn_h=yes
ac_cv_header_inttypes_h=yes
ac_cv_header_memory_h=yes
ac_cv_header_stdc=yes
ac_cv_header_stdint_h=yes
ac_cv_header_stdlib_h=yes
ac_cv_header_string_h=yes
ac_cv_header_strings_h=yes
ac_cv_header_sys_stat_h=yes
ac_cv_header_sys_types_h=yes
ac_cv_header_unistd_h=yes
ac_cv_host=x86_64-unknown-linux-gnu
ac_cv_objext=o
ac_cv_path_EGREP='/bin/grep -E'
ac_cv_path_FGREP='/bin/grep -F'
ac_cv_path_GREP=/bin/grep
ac_cv_path_SED=/bin/sed
ac_cv_path_ac_pt_PKG_CONFIG=/usr/bin/pkg-config
ac_cv_path_install='/usr/bin/install -c'
ac_cv_path_mkdir=/bin/mkdir
ac_cv_prog_AWK=mawk
ac_cv_prog_CPP='gcc -E'
ac_cv_prog_ac_ct_AR=ar
ac_cv_prog_ac_ct_CC=gcc
ac_cv_prog_ac_ct_MANIFEST_TOOL=mt
ac_cv_prog_ac_ct_OBJDUMP=objdump
ac_cv_prog_ac_ct_RANLIB=ranlib
ac_cv_prog_ac_ct_STRIP=strip
ac_cv_prog_cc_c89=
ac_cv_prog_cc_g=yes
ac_cv_prog_make_make_set=yes
am_cv_CC_dependencies_compiler_type=gcc3
am_cv_make_support_nested_variables=yes
lt_cv_ar_at_file=@
lt_cv_archive_cmds_need_lc=no
lt_cv_deplibs_check_method=pass_all
lt_cv_file_magic_cmd='$MAGIC_CMD'
lt_cv_file_magic_test_file=
lt_cv_ld_reload_flag=-r
lt_cv_nm_interface='BSD nm'
lt_cv_objdir=.libs
lt_cv_path_LD=/usr/bin/ld
lt_cv_path_NM='/usr/bin/nm -B'
lt_cv_path_mainfest_tool=no
lt_cv_prog_compiler_c_o=yes
lt_cv_prog_compiler_pic='-fPIC -DPIC'
lt_cv_prog_compiler_pic_works=yes
lt_cv_prog_compiler_rtti_exceptions=no
lt_cv_prog_compiler_static_works=yes
lt_cv_prog_gnu_ld=yes
lt_cv_sharedlib_from_linklib_cmd='printf %s\n'
lt_cv_shlibpath_overrides_runpath=no
lt_cv_sys_global_symbol_pipe='sed -n -e '\''s/^.*[	 ]\([ABCDGIRSTW][ABCDGIRSTW]*\)[	 ][	 ]*\([_A-Za-z][_A-Za-z0-9]*\)$/\1 \2 \2/p'\'' | sed '\''/ __gnu_lto/d'\'''
lt_cv_sys_global_symbol_to_c_name_address='sed -n -e '\''s/^: \([^ ]*\)[ ]*$/  {\"\1\", (void *) 0},/p'\'' -e '\''s/^[ABCDGIRSTW]* \([^ ]*\) \([^ ]*\)$/  {"\2", (void *) \&\2},/p'\'''
lt_cv_sys_global_symbol_to_c_name_address_lib_prefix='sed -n -e '\''s/^: \([^ ]*\)[ ]*$/  {\"\1\", (void *) 0},/p'\'' -e '\''s/^[ABCDGIRSTW]* \([^ ]*\) \(lib[^ ]*\)$/  {"\2", (void *) \&\2},/p'\'' -e '\''s/^[ABCDGIRSTW]* \([^ ]*\) \([^ ]*\)$/  {"lib\2", (void *) \&\2},/p'\'''
lt_cv_sys_global_symbol_to_cdecl='sed -n -e '\''s/^T .* \(.*\)$/extern int \1();/p'\'' -e '\''s/^[ABCDGIRSTW]* .* \(.*\)$/extern char \1;/p'\'''
lt_cv_sys_max_cmd_len=1572864
lt_cv_to_host_file_cmd=func_convert_file_noop
lt_cv_to_tool_file_cmd=func_convert_file_noop
pkg_cv_GLIB_CFLAGS='-I/usr/include/glib-2.0 -I/usr/lib/x86_64-linux-gnu/glib-2.0/include '
pkg_cv_GLIB_LIBS='-lglib-2.0 '
pkg_cv_ID3_CFLAGS=
pkg_cv_ID3_LIBS='-lid3tag -lz '
pkg_cv_MAD_CFLAGS=
pkg_cv_MAD_LIBS='-lmad '

## ----------------- ##
## Output variables. ##
## ----------------- ##

ACLOCAL='${SHELL} /media/storage/work/ympd/libstreamripper/missing --run aclocal-1.11'
AMDEPBACKSLASH='\'
AMDEP_FALSE='#'
AMDEP_TRUE=''
AMTAR='$${TAR-tar}'
AM_BACKSLASH='\'
AM_DEFAULT_V='$(AM_DEFAULT_VERBOSITY)'
AM_DEFAULT_VERBOSITY='0'
AM_V='$(V)'
AR='ar'
AUTOCONF='${SHELL} /media/storage/work/ympd/libstreamripper/missing --run autoconf'
AUTOHEADER='${SHELL} /media/storage/work/ympd/libstreamripper/missing --run autoheader'
AUTOMAKE='${SHELL} /media/storage/work/ympd/libstreamripper/missing --run automake-1.11'
AWK='mawk'
CC='gcc'
CCDEPMODE='depmode=gcc3'
CFLAGS='-g -O2'
CPP='gcc -E'
CPPFLAGS='-D__UNIX__'
CYGPATH_W='echo'
DEFS='-DHAVE_CONFIG_H'
DEPDIR='.deps'
DLLTOOL='false'
DSYMUTIL=''
DUMPBIN=''
ECHO_C=''
ECHO_N='-n'
ECHO_T=''
EGREP='/bin/grep -E'
EXEEXT=''
FGREP='/bin/grep -F'
GLIB_CFLAGS='-I/usr/include/glib-2.0 -I/usr/lib/x86_64-linux-gnu/glib-2.0/include '
GLIB_LIBS='-lglib-2.0 '
GREP='/bin/grep'
ID3_CFLAGS=''
ID3_LIBS='-lid3tag -lz '
INSTALL_DATA='${INSTALL} -m 644'
INSTALL_PROGRAM='${INSTALL}'
INSTALL_SCRIPT='${INSTALL}'
INSTALL_STRIP_PROGRAM='$(install_sh) -c -s'
LD='/usr/bin/ld -m elf_x86_64'
LDFLAGS=''
LIBOBJS=''
LIBS=''
LIBTOOL='$(SHELL) $(top_builddir)/libtool'
LIPO=''
LN_S='ln -s'
LTLIBOBJS=''
MAD_CFLAGS=''
MAD_LIBS='-lmad '
MAKEINFO='${SHELL} /media/storage/work/ympd/libstreamripper/missing --run makeinfo'
MANIFEST_TOOL=':'
MKDIR_P='/bin/mkdir -p'
NM='/usr/bin/nm -B'
NMEDIT=''
OBJDUMP='objdump'
OBJEXT='o'
OGG_CFLAGS=''
OGG_LIBS=' -logg'
OTOOL64=''
OTOOL=''
PACKAGE='libstreamripper'
PACKAGE_BUGREPORT=''
PACKAGE_NAME='libstreamripper'
PACKAGE_STRING='libstreamripper 1.64.7'
PACKAGE_TARNAME='libstreamripper'
PACKAGE_URL=''
PACKAGE_VERSION='1.64.7'
PATH_SEPARATOR=':'
PKG_CONFIG='/usr/bin/pkg-config'
PKG_CONFIG_LIBDIR=''
PKG_CONFIG_PATH=''
RANLIB='ranlib'
SED='/bin/sed'
SET_MAKE=''
SHELL='/bin/bash'
STRIP='strip'
VERSION='1.64.7'
VORBISENC_LIBS='-lvorbisenc'
VORBISFILE_LIBS='-lvorbisfile'
VORBIS_CFLAGS=''
VORBIS_LIBS=' -lvorbis -lm'
ac_ct_AR='ar'
ac_ct_CC='gcc'
ac_ct_DUMPBIN=''
am__EXEEXT_FALSE=''
am__EXEEXT_TRUE='#'
am__fastdepCC_FALSE='#'
am__fastdepCC_TRUE=''
am__include='include'
am__isrc=''
am__leading_dot='.'
am__nodep='_no'
am__quote=''
am__tar='$${TAR-tar} chof - "$$tardir"'
am__untar='$${TAR-tar} xf -'
bindir='${exec_prefix}/bin'
build='x86_64-unknown-linux-gnu'
build_alias=''
build_cpu='x86_64'
build_os='linux-gnu'
build_vendor='unknown'
datadir='${datarootdir}'
datarootdir='${prefix}/share'
docdir='${datarootdir}/doc/${PACKAGE_TARNAME}'
dvidir='${docdir}'
exec_prefix='${prefix}'
host='x86_64-unknown-linux-gnu'
host_alias=''
host_cpu='x86_64'
host_os='linux-gnu'
host_vendor='unknown'
htmldir='${docdir}'
includedir='${prefix}/include'
infodir='${datarootdir}/info'
install_sh='${SHELL} /media/storage/work/ympd/libstreamripper/install-sh'
libdir='${exec_prefix}/lib'
libexecdir='${exec_prefix}/libexec'
localedir='${datarootdir}/locale'
localstatedir='${prefix}/var'
mandir='${datarootdir}/man'
mkdir_p='/bin/mkdir -p'
oldincludedir='/usr/include'
pdfdir='${docdir}'
prefix='/usr/local'
program_transform_name='s,x,x,'
psdir='${docdir}'
sbindir='${exec_prefix}/sbin'
sharedstatedir='${prefix}/com'
sysconfdir='${prefix}/etc'
target_alias=''

## ----------- ##
## confdefs.h. ##
## ----------- ##

/* confdefs.h */
#define PACKAGE_NAME "libstreamripper"
#define PACKAGE_TARNAME "libstreamripper"
#define PACKAGE_VERSION "1.64.7"
#define PACKAGE_STRING "libstreamripper 1.64.7"
#define PACKAGE_BUGREPORT ""
#define PACKAGE_URL ""
#define PACKAGE "libstreamripper"
#define VERSION "1.64.7"
#define STDC_HEADERS 1
#define HAVE_SYS_TYPES_H 1
#define HAVE_SYS_STAT_H 1
#define HAVE_STDLIB_H 1
#define HAVE_STRING_H 1
#define HAVE_MEMORY_H 1
#define HAVE_STRINGS_H 1
#define HAVE_INTTYPES_H 1
#define HAVE_STDINT_H 1
#define HAVE_UNISTD_H 1
#define HAVE_DLFCN_H 1
#define LT_OBJDIR ".libs/"
#define HAVE_OGG_VORBIS 1

configure: exit 0
